<?xml version="1.0" encoding="UTF-8"?>
<!-- Generated by org.testng.reporters.JUnitReportReporter -->
<testsuite hostname="AAPC-8N072F3" failures="0" tests="1" name="testcases.Post_TestCases" time="0.662" errors="0" timestamp="2024-09-30T18:17:14 IST" skipped="0">
  <testcase classname="testcases.Post_TestCases" name="testPostRequest_Direct" time="0.662"/>
  <system-out/>
</testsuite> <!-- testcases.Post_TestCases -->
