<?xml version="1.0" encoding="UTF-8"?>
<!-- Generated by org.testng.reporters.JUnitReportReporter -->
<testsuite hostname="AAPC-8N072F3" failures="0" tests="4" name="testcases.Get_TestCases" time="3.019" errors="0" timestamp="2024-09-30T18:56:23 IST" skipped="0">
  <testcase classname="testcases.Get_TestCases" name="testGetRequest_Excel" time="1.421"/>
  <system-out/>
  <testcase classname="testcases.Get_TestCases" name="testGetRequest_Excel" time="0.905"/>
  <system-out/>
  <testcase classname="testcases.Get_TestCases" name="testGetRequest_Excel" time="0.356"/>
  <system-out/>
  <testcase classname="testcases.Get_TestCases" name="testGetRequest_Excel" time="0.337"/>
  <system-out/>
</testsuite> <!-- testcases.Get_TestCases -->
