<?xml version="1.0" encoding="UTF-8"?>
<!-- Generated by org.testng.reporters.JUnitReportReporter -->
<testsuite hostname="AAPC-8N072F3" failures="0" tests="4" name="testcases.TestCases1" time="3.489" errors="0" timestamp="2024-09-30T15:53:44 IST" skipped="0">
  <testcase classname="testcases.TestCases1" name="testGetRequest_Excel" time="1.890"/>
  <system-out/>
  <testcase classname="testcases.TestCases1" name="testGetRequest_Excel" time="0.337"/>
  <system-out/>
  <testcase classname="testcases.TestCases1" name="testGetRequest_Excel" time="0.909"/>
  <system-out/>
  <testcase classname="testcases.TestCases1" name="testGetRequest_Excel" time="0.353"/>
  <system-out/>
</testsuite> <!-- testcases.TestCases1 -->
